<?xml version="1.0" encoding="UTF-8"?>
<!-- Generated by org.testng.reporters.JUnitReportReporter -->
<testsuite hostname="Nithya" failures="0" tests="1" name="rahulshettyacademy.ExtentReports.ExtentReportDemo" time="4.838" errors="0" timestamp="2024-08-16T15:56:34 IST" skipped="0">
  <testcase classname="rahulshettyacademy.ExtentReports.ExtentReportDemo" name="initialDemo" time="4.838"/>
</testsuite> <!-- rahulshettyacademy.ExtentReports.ExtentReportDemo -->
